<?xml version="1.0" encoding="UTF-8"?>
<!-- Generated by org.testng.reporters.JUnitReportReporter -->
<testsuite skipped="0" hostname="ROZARIO-PC" name="com.employeeproject.testcases.TC005_Delete_Employee_record" tests="6" failures="0" timestamp="25 Jul 2019 23:34:26 GMT" time="0.050" errors="0">
  <testcase name="verifyServerType" time="0.003" classname="com.employeeproject.testcases.TC005_Delete_Employee_record"/>
  <testcase name="verifyContentLength" time="0.003" classname="com.employeeproject.testcases.TC005_Delete_Employee_record"/>
  <testcase name="verifyStatusLine" time="0.006" classname="com.employeeproject.testcases.TC005_Delete_Employee_record"/>
  <testcase name="verifyStatusCode" time="0.006" classname="com.employeeproject.testcases.TC005_Delete_Employee_record"/>
  <testcase name="verifyContentType" time="0.005" classname="com.employeeproject.testcases.TC005_Delete_Employee_record"/>
  <testcase name="validateResponseBody" time="0.027" classname="com.employeeproject.testcases.TC005_Delete_Employee_record"/>
</testsuite> <!-- com.employeeproject.testcases.TC005_Delete_Employee_record -->
