<?xml version="1.0" encoding="UTF-8"?>
<!-- Generated by org.testng.reporters.JUnitReportReporter -->
<testsuite skipped="0" hostname="ROZARIO-PC" name="com.employeeproject.testcases.TC003_Create_NewEmployee_record" tests="6" failures="0" timestamp="25 Jul 2019 23:34:25 GMT" time="0.016" errors="0">
  <testcase name="verifyStatusLine" time="0.003" classname="com.employeeproject.testcases.TC003_Create_NewEmployee_record"/>
  <testcase name="verifyContentLength" time="0.002" classname="com.employeeproject.testcases.TC003_Create_NewEmployee_record"/>
  <testcase name="verifyStatusCode" time="0.003" classname="com.employeeproject.testcases.TC003_Create_NewEmployee_record"/>
  <testcase name="verifyContentType" time="0.003" classname="com.employeeproject.testcases.TC003_Create_NewEmployee_record"/>
  <testcase name="verifyServerType" time="0.002" classname="com.employeeproject.testcases.TC003_Create_NewEmployee_record"/>
  <testcase name="verifyResponseBody" time="0.003" classname="com.employeeproject.testcases.TC003_Create_NewEmployee_record"/>
</testsuite> <!-- com.employeeproject.testcases.TC003_Create_NewEmployee_record -->
