<?xml version="1.0" encoding="UTF-8"?>
<!-- Generated by org.testng.reporters.JUnitReportReporter -->
<testsuite skipped="0" hostname="ROZARIO-PC" name="com.employeeproject.testcases.TC005_Delete_Employee_record" tests="6" failures="0" timestamp="28 Jul 2019 03:56:01 GMT" time="0.014" errors="0">
  <testcase name="verifyServerType" time="0.002" classname="com.employeeproject.testcases.TC005_Delete_Employee_record"/>
  <testcase name="validateResponseBody" time="0.004" classname="com.employeeproject.testcases.TC005_Delete_Employee_record"/>
  <testcase name="verifyContentType" time="0.003" classname="com.employeeproject.testcases.TC005_Delete_Employee_record"/>
  <testcase name="verifyStatusCode" time="0.001" classname="com.employeeproject.testcases.TC005_Delete_Employee_record"/>
  <testcase name="verifyContentLength" time="0.002" classname="com.employeeproject.testcases.TC005_Delete_Employee_record"/>
  <testcase name="verifyStatusLine" time="0.002" classname="com.employeeproject.testcases.TC005_Delete_Employee_record"/>
</testsuite> <!-- com.employeeproject.testcases.TC005_Delete_Employee_record -->
