<?xml version="1.0" encoding="UTF-8"?>
<!-- Generated by org.testng.reporters.JUnitReportReporter -->
<testsuite skipped="0" hostname="ROZARIO-PC" name="com.employeeproject.testcases.TC001_Get_All_Employee_Data" tests="9" failures="0" timestamp="28 Jul 2019 03:56:01 GMT" time="0.122" errors="0">
  <testcase name="verifyServerType" time="0.002" classname="com.employeeproject.testcases.TC001_Get_All_Employee_Data"/>
  <testcase name="verifyTransferEncoding" time="0.002" classname="com.employeeproject.testcases.TC001_Get_All_Employee_Data"/>
  <testcase name="verifyResponse" time="0.064" classname="com.employeeproject.testcases.TC001_Get_All_Employee_Data"/>
  <testcase name="verifyStatusCode" time="0.004" classname="com.employeeproject.testcases.TC001_Get_All_Employee_Data"/>
  <testcase name="verifyStatusLine" time="0.004" classname="com.employeeproject.testcases.TC001_Get_All_Employee_Data"/>
  <testcase name="verifyContentLength" time="0.021" classname="com.employeeproject.testcases.TC001_Get_All_Employee_Data"/>
  <testcase name="verifyContentType" time="0.010" classname="com.employeeproject.testcases.TC001_Get_All_Employee_Data"/>
  <testcase name="verifyCookies" time="0.006" classname="com.employeeproject.testcases.TC001_Get_All_Employee_Data"/>
  <testcase name="verifyResponseTime" time="0.009" classname="com.employeeproject.testcases.TC001_Get_All_Employee_Data"/>
</testsuite> <!-- com.employeeproject.testcases.TC001_Get_All_Employee_Data -->
