<?xml version="1.0" encoding="UTF-8"?>
<!-- Generated by org.testng.reporters.JUnitReportReporter -->
<testsuite skipped="0" hostname="ROZARIO-PC" name="com.employeeproject.testcases.TC002_Single_Employee_Data" tests="8" failures="0" timestamp="28 Jul 2019 03:56:01 GMT" time="0.029" errors="0">
  <testcase name="verifyStatusLine" time="0.002" classname="com.employeeproject.testcases.TC002_Single_Employee_Data"/>
  <testcase name="verifyResponseTime" time="0.004" classname="com.employeeproject.testcases.TC002_Single_Employee_Data"/>
  <testcase name="verifyTransferEncoding" time="0.007" classname="com.employeeproject.testcases.TC002_Single_Employee_Data"/>
  <testcase name="verifyContentLength" time="0.003" classname="com.employeeproject.testcases.TC002_Single_Employee_Data"/>
  <testcase name="verifyResponsebody" time="0.005" classname="com.employeeproject.testcases.TC002_Single_Employee_Data"/>
  <testcase name="verifyStatusCode" time="0.002" classname="com.employeeproject.testcases.TC002_Single_Employee_Data"/>
  <testcase name="verifyContentType" time="0.002" classname="com.employeeproject.testcases.TC002_Single_Employee_Data"/>
  <testcase name="verifyServerType" time="0.004" classname="com.employeeproject.testcases.TC002_Single_Employee_Data"/>
</testsuite> <!-- com.employeeproject.testcases.TC002_Single_Employee_Data -->
