<?xml version="1.0" encoding="UTF-8"?>
<!-- Generated by org.testng.reporters.JUnitReportReporter -->
<testsuite skipped="0" hostname="ROZARIO-PC" name="com.employeeproject.testcases.TC001_Get_All_Employee_Data" tests="9" failures="0" timestamp="25 Jul 2019 23:34:26 GMT" time="4.491" errors="0">
  <testcase name="verifyContentLength" time="0.049" classname="com.employeeproject.testcases.TC001_Get_All_Employee_Data"/>
  <testcase name="verifyStatusCode" time="0.014" classname="com.employeeproject.testcases.TC001_Get_All_Employee_Data"/>
  <testcase name="verifyResponse" time="4.302" classname="com.employeeproject.testcases.TC001_Get_All_Employee_Data"/>
  <testcase name="verifyStatusLine" time="0.007" classname="com.employeeproject.testcases.TC001_Get_All_Employee_Data"/>
  <testcase name="verifyResponseTime" time="0.012" classname="com.employeeproject.testcases.TC001_Get_All_Employee_Data"/>
  <testcase name="verifyContentType" time="0.034" classname="com.employeeproject.testcases.TC001_Get_All_Employee_Data"/>
  <testcase name="verifyCookies" time="0.008" classname="com.employeeproject.testcases.TC001_Get_All_Employee_Data"/>
  <testcase name="verifyTransferEncoding" time="0.057" classname="com.employeeproject.testcases.TC001_Get_All_Employee_Data"/>
  <testcase name="verifyServerType" time="0.008" classname="com.employeeproject.testcases.TC001_Get_All_Employee_Data"/>
</testsuite> <!-- com.employeeproject.testcases.TC001_Get_All_Employee_Data -->
