<?xml version="1.0" encoding="UTF-8"?>
<!-- Generated by org.testng.reporters.JUnitReportReporter -->
<testsuite skipped="0" hostname="ROZARIO-PC" name="com.employeeproject.testcases.TC004_Update_Employee_record" tests="6" failures="0" timestamp="25 Jul 2019 23:34:25 GMT" time="0.072" errors="0">
  <testcase name="validateResponseBody" time="0.008" classname="com.employeeproject.testcases.TC004_Update_Employee_record"/>
  <testcase name="verifyContentType" time="0.008" classname="com.employeeproject.testcases.TC004_Update_Employee_record"/>
  <testcase name="verifyStatusCode" time="0.006" classname="com.employeeproject.testcases.TC004_Update_Employee_record"/>
  <testcase name="verifyContentLength" time="0.009" classname="com.employeeproject.testcases.TC004_Update_Employee_record"/>
  <testcase name="verifyStatusLine" time="0.008" classname="com.employeeproject.testcases.TC004_Update_Employee_record"/>
  <testcase name="verifyServerType" time="0.033" classname="com.employeeproject.testcases.TC004_Update_Employee_record"/>
</testsuite> <!-- com.employeeproject.testcases.TC004_Update_Employee_record -->
