<?xml version="1.0" encoding="UTF-8"?>
<!-- Generated by org.testng.reporters.JUnitReportReporter -->
<testsuite skipped="0" hostname="ROZARIO-PC" name="com.employeeproject.testcases.TC002_Single_Employee_Data" tests="8" failures="0" timestamp="25 Jul 2019 23:34:25 GMT" time="0.260" errors="0">
  <testcase name="verifyStatusLine" time="0.012" classname="com.employeeproject.testcases.TC002_Single_Employee_Data"/>
  <testcase name="verifyContentType" time="0.006" classname="com.employeeproject.testcases.TC002_Single_Employee_Data"/>
  <testcase name="verifyStatusCode" time="0.112" classname="com.employeeproject.testcases.TC002_Single_Employee_Data"/>
  <testcase name="verifyResponseTime" time="0.011" classname="com.employeeproject.testcases.TC002_Single_Employee_Data"/>
  <testcase name="verifyResponsebody" time="0.009" classname="com.employeeproject.testcases.TC002_Single_Employee_Data"/>
  <testcase name="verifyContentLength" time="0.012" classname="com.employeeproject.testcases.TC002_Single_Employee_Data"/>
  <testcase name="verifyTransferEncoding" time="0.089" classname="com.employeeproject.testcases.TC002_Single_Employee_Data"/>
  <testcase name="verifyServerType" time="0.009" classname="com.employeeproject.testcases.TC002_Single_Employee_Data"/>
</testsuite> <!-- com.employeeproject.testcases.TC002_Single_Employee_Data -->
